<?xml version="1.0" encoding="UTF-8"?>
<!-- Generated by org.testng.reporters.JUnitReportReporter -->
<testsuite hostname="MahalakshmiLingesan" failures="0" tests="1" name="com.parasoft.tests.BillPayPageTests" time="4.257" errors="0" timestamp="2025-09-17T19:36:58 IST" skipped="0">
  <testcase classname="com.parasoft.tests.BillPayPageTests" name="billPayment" time="4.257"/>
</testsuite> <!-- com.parasoft.tests.BillPayPageTests -->
